<?xml version="1.0" encoding="UTF-8"?>
<testsuite name="com.owt.boatapp.controllers.BoatControllerTest" tests="7" skipped="0" failures="0" errors="0" timestamp="2023-05-08T11:51:05" hostname="DESKTOP-IQBA7OS" time="0.404">
  <properties/>
  <testcase name="shouldUpdateBoat()" classname="com.owt.boatapp.controllers.BoatControllerTest" time="0.322"/>
  <testcase name="shouldReturnUnauthorizedWithInvalidToken()" classname="com.owt.boatapp.controllers.BoatControllerTest" time="0.011"/>
  <testcase name="shouldReturnAllBoats()" classname="com.owt.boatapp.controllers.BoatControllerTest" time="0.016"/>
  <testcase name="shouldCreateBoat()" classname="com.owt.boatapp.controllers.BoatControllerTest" time="0.013"/>
  <testcase name="shouldDeleteBoat()" classname="com.owt.boatapp.controllers.BoatControllerTest" time="0.013"/>
  <testcase name="shouldReturnUnauthorizedIfNoToken()" classname="com.owt.boatapp.controllers.BoatControllerTest" time="0.005"/>
  <testcase name="shouldReturnSpecificBoat()" classname="com.owt.boatapp.controllers.BoatControllerTest" time="0.01"/>
  <system-out><![CDATA[2023-05-08T13:51:05.061+02:00  INFO 25408 --- [    Test worker] t.c.s.AnnotationConfigContextLoaderUtils : Could not detect default configuration classes for test class [com.owt.boatapp.controllers.BoatControllerTest]: BoatControllerTest does not declare any static, non-private, non-final, nested classes annotated with @Configuration.
2023-05-08T13:51:05.081+02:00  INFO 25408 --- [    Test worker] .b.t.c.SpringBootTestContextBootstrapper : Found @SpringBootConfiguration com.owt.boatapp.BoatappApplication for test class com.owt.boatapp.controllers.BoatControllerTest

  .   ____          _            __ _ _
 /\\ / ___'_ __ _ _(_)_ __  __ _ \ \ \ \
( ( )\___ | '_ | '_| | '_ \/ _` | \ \ \ \
 \\/  ___)| |_)| | | | | || (_| |  ) ) ) )
  '  |____| .__|_| |_|_| |_\__, | / / / /
 =========|_|==============|___/=/_/_/_/
 :: Spring Boot ::                (v3.0.6)

2023-05-08T13:51:05.105+02:00  INFO 25408 --- [    Test worker] c.o.b.controllers.BoatControllerTest     : Starting BoatControllerTest using Java 17.0.6 with PID 25408 (started by pschupp in /home/pschupp/test-owt/backend)
2023-05-08T13:51:05.105+02:00  INFO 25408 --- [    Test worker] c.o.b.controllers.BoatControllerTest     : No active profile set, falling back to 1 default profile: "default"
2023-05-08T13:51:05.268+02:00  INFO 25408 --- [    Test worker] .s.d.r.c.RepositoryConfigurationDelegate : Bootstrapping Spring Data JPA repositories in DEFAULT mode.
2023-05-08T13:51:05.277+02:00  INFO 25408 --- [    Test worker] .s.d.r.c.RepositoryConfigurationDelegate : Finished Spring Data repository scanning in 9 ms. Found 2 JPA repository interfaces.
2023-05-08T13:51:05.478+02:00  INFO 25408 --- [    Test worker] com.zaxxer.hikari.HikariDataSource       : HikariPool-2 - Starting...
2023-05-08T13:51:05.481+02:00  INFO 25408 --- [    Test worker] com.zaxxer.hikari.pool.HikariPool        : HikariPool-2 - Added connection conn10: url=jdbc:h2:mem:a582bfcc-9a5a-4226-b8d4-3fc2e3d0f410 user=SA
2023-05-08T13:51:05.481+02:00  INFO 25408 --- [    Test worker] com.zaxxer.hikari.HikariDataSource       : HikariPool-2 - Start completed.
2023-05-08T13:51:05.484+02:00  INFO 25408 --- [    Test worker] o.hibernate.jpa.internal.util.LogHelper  : HHH000204: Processing PersistenceUnitInfo [name: default]
2023-05-08T13:51:05.493+02:00  INFO 25408 --- [    Test worker] SQL dialect                              : HHH000400: Using dialect: org.hibernate.dialect.H2Dialect
2023-05-08T13:51:05.541+02:00  INFO 25408 --- [    Test worker] o.h.e.t.j.p.i.JtaPlatformInitiator       : HHH000490: Using JtaPlatform implementation: [org.hibernate.engine.transaction.jta.platform.internal.NoJtaPlatform]
2023-05-08T13:51:05.542+02:00  INFO 25408 --- [    Test worker] j.LocalContainerEntityManagerFactoryBean : Initialized JPA EntityManagerFactory for persistence unit 'default'
2023-05-08T13:51:05.612+02:00  WARN 25408 --- [    Test worker] JpaBaseConfiguration$JpaWebConfiguration : spring.jpa.open-in-view is enabled by default. Therefore, database queries may be performed during view rendering. Explicitly configure spring.jpa.open-in-view to disable this warning
2023-05-08T13:51:05.699+02:00  INFO 25408 --- [    Test worker] o.s.s.web.DefaultSecurityFilterChain     : Will secure any request with [org.springframework.security.web.session.DisableEncodeUrlFilter@6ae55678, org.springframework.security.web.context.request.async.WebAsyncManagerIntegrationFilter@4bc75792, org.springframework.security.web.context.SecurityContextHolderFilter@18edbed9, org.springframework.security.web.header.HeaderWriterFilter@569d6e0d, org.springframework.web.filter.CorsFilter@2a0d8df8, org.springframework.security.web.authentication.logout.LogoutFilter@773ad729, com.owt.boatapp.security.filters.JwtTokenFilter@22d23c27, org.springframework.security.web.savedrequest.RequestCacheAwareFilter@4823f4d0, org.springframework.security.web.servletapi.SecurityContextHolderAwareRequestFilter@75f316df, org.springframework.security.web.authentication.AnonymousAuthenticationFilter@63be4548, org.springframework.security.web.session.SessionManagementFilter@43069adf, org.springframework.security.web.access.ExceptionTranslationFilter@76e4df53, org.springframework.security.web.access.intercept.AuthorizationFilter@4d408746]
2023-05-08T13:51:05.827+02:00  INFO 25408 --- [    Test worker] o.s.b.t.m.w.SpringBootMockServletContext : Initializing Spring TestDispatcherServlet ''
2023-05-08T13:51:05.827+02:00  INFO 25408 --- [    Test worker] o.s.t.web.servlet.TestDispatcherServlet  : Initializing Servlet ''
2023-05-08T13:51:05.832+02:00  INFO 25408 --- [    Test worker] o.s.t.web.servlet.TestDispatcherServlet  : Completed initialization in 2 ms
2023-05-08T13:51:05.841+02:00  INFO 25408 --- [    Test worker] c.o.b.controllers.BoatControllerTest     : Started BoatControllerTest in 0.756 seconds (process running for 5.495)
]]></system-out>
  <system-err><![CDATA[]]></system-err>
</testsuite>
