<?xml version="1.0" encoding="UTF-8"?>
<testsuite name="com.owt.boatapp.services.BoatServiceTest" tests="5" skipped="0" failures="0" errors="0" timestamp="2023-05-08T11:51:06" hostname="DESKTOP-IQBA7OS" time="0.033">
  <properties/>
  <testcase name="shouldUpdateBoat()" classname="com.owt.boatapp.services.BoatServiceTest" time="0.01"/>
  <testcase name="shouldReturnAllBoats()" classname="com.owt.boatapp.services.BoatServiceTest" time="0.003"/>
  <testcase name="shouldCreateBoat()" classname="com.owt.boatapp.services.BoatServiceTest" time="0.005"/>
  <testcase name="shouldDeleteBoat()" classname="com.owt.boatapp.services.BoatServiceTest" time="0.003"/>
  <testcase name="shouldReturnSpecificBoat()" classname="com.owt.boatapp.services.BoatServiceTest" time="0.003"/>
  <system-out><![CDATA[2023-05-08T13:51:06.257+02:00  INFO 25408 --- [    Test worker] t.c.s.AnnotationConfigContextLoaderUtils : Could not detect default configuration classes for test class [com.owt.boatapp.services.BoatServiceTest]: BoatServiceTest does not declare any static, non-private, non-final, nested classes annotated with @Configuration.
2023-05-08T13:51:06.264+02:00  INFO 25408 --- [    Test worker] .b.t.c.SpringBootTestContextBootstrapper : Found @SpringBootConfiguration com.owt.boatapp.BoatappApplication for test class com.owt.boatapp.services.BoatServiceTest
]]></system-out>
  <system-err><![CDATA[]]></system-err>
</testsuite>
